
SQL*Loader: Release 11.2.0.3.0 - Production on Wed Jun 11 16:21:11 2014

Copyright (c) 1982, 2011, Oracle and/or its affiliates.  All rights reserved.

Control File:   clob_load.ctl
Data File:      load_clob.txt
  Bad File:     clob_load.bad
  Discard File:  none specified
 
 (Allow all discards)

Number to load: ALL
Number to skip: 0
Errors allowed: 50
Bind array:     64 rows, maximum of 256000 bytes
Continuation:    none specified
Path used:      Conventional

Table CLOB_TAB, loaded from every logical record.
Insert option in effect for this table: INSERT

   Column Name                  Position   Len  Term Encl Datatype
------------------------------ ---------- ----- ---- ---- ---------------------
NUMBER_CONTENT                      FIRST    10   ,       CHARACTER            
VAR_CONTENT                          NEXT  1000   ,       CHARACTER            
DATE_CONTENT                         NEXT     *   ,       DATE DD-MON-YYYY     
    SQL string for column : ":date_content"
CLOB_FILENAME                        NEXT  1000   ,       CHARACTER            
  (FILLER FIELD)
CONTENT_DATA                      DERIVED     *  EOF      CHARACTER            
    Dynamic LOBFILE.  Filename in field CLOB_FILENAME


Table CLOB_TAB:
  2 Rows successfully loaded.
  0 Rows not loaded due to data errors.
  0 Rows not loaded because all WHEN clauses were failed.
  0 Rows not loaded because all fields were null.


Space allocated for bind array:                 145536 bytes(64 rows)
Read   buffer bytes: 1048576

Total logical records skipped:          0
Total logical records read:             2
Total logical records rejected:         0
Total logical records discarded:        0

Run began on Wed Jun 11 16:21:11 2014
Run ended on Wed Jun 11 16:21:11 2014

Elapsed time was:     00:00:00.14
CPU time was:         00:00:00.01
